<?xml version="1.0" encoding="UTF-8"?>
<!-- Generated by org.testng.reporters.JUnitReportReporter -->
<testsuite hostname="ritik-Latitude-3410" failures="0" tests="8" name="Mobile.TestLogin" time="365.819" errors="0" timestamp="2022-06-02T09:14:48 IST" skipped="0">
  <testcase classname="Mobile.TestLogin" name="selectCountry" time="17.083"/>
  <system-out/>
  <testcase classname="Mobile.TestLogin" name="selectCountry" time="16.487"/>
  <system-out/>
  <testcase classname="Mobile.TestLogin" name="loginAppcoa" time="56.164"/>
  <system-out/>
  <testcase classname="Mobile.TestLogin" name="addVehicle" time="17.670"/>
  <system-out/>
  <testcase classname="Mobile.TestLogin" name="startExtendStopSession" time="120.333"/>
  <system-out/>
  <testcase classname="Mobile.TestLogin" name="deleteVehicle" time="13.734"/>
  <system-out/>
  <testcase classname="Mobile.TestLogin" name="freeParkingCheck" time="29.854"/>
  <system-out/>
  <testcase classname="Mobile.TestLogin" name="NoSessionWithoutPaymentMethod" time="94.494"/>
  <system-out/>
</testsuite> <!-- Mobile.TestLogin -->
