<?xml version="1.0" encoding="UTF-8"?>
<!-- Generated by org.testng.reporters.JUnitReportReporter -->
<testsuite hostname="ritik-Latitude-3410" failures="0" tests="4" name="Mobile.NewUserReg" time="92.712" errors="0" timestamp="2022-06-04T22:05:11 IST" skipped="0">
  <testcase classname="Mobile.NewUserReg" name="selectCountry" time="19.388"/>
  <system-out/>
  <testcase classname="Mobile.NewUserReg" name="EmailRegistration" time="44.465"/>
  <system-out/>
  <testcase classname="Mobile.NewUserReg" name="AddVehicle" time="14.976"/>
  <system-out/>
  <testcase classname="Mobile.NewUserReg" name="VerifyRegistration" time="13.883"/>
  <system-out/>
</testsuite> <!-- Mobile.NewUserReg -->
