<?xml version="1.0" encoding="UTF-8"?>
<!-- Generated by org.testng.reporters.JUnitReportReporter -->
<testsuite hostname="ritik-Latitude-3410" failures="0" tests="6" name="Mobile.TestLogin" time="377.091" errors="0" timestamp="2022-06-02T12:46:29 IST" skipped="0">
  <testcase classname="Mobile.TestLogin" name="selectCountry" time="19.118"/>
  <system-out/>
  <testcase classname="Mobile.TestLogin" name="loginAppcoa" time="64.454"/>
  <system-out/>
  <testcase classname="Mobile.TestLogin" name="addVehicle" time="25.725"/>
  <system-out/>
  <testcase classname="Mobile.TestLogin" name="startExtendStopSession" time="154.301"/>
  <system-out/>
  <testcase classname="Mobile.TestLogin" name="deleteVehicle" time="14.747"/>
  <system-out/>
  <testcase classname="Mobile.TestLogin" name="BuyPass" time="98.746"/>
  <system-out/>
</testsuite> <!-- Mobile.TestLogin -->
