<?xml version="1.0" encoding="UTF-8"?>
<!-- Generated by org.testng.reporters.JUnitReportReporter -->
<testsuite hostname="ritik-Latitude-3410" failures="0" tests="3" name="Mobile.TestLogin" time="130.563" errors="0" timestamp="2022-06-04T20:54:52 IST" skipped="0">
  <testcase classname="Mobile.TestLogin" name="selectCountry" time="18.288"/>
  <system-out/>
  <testcase classname="Mobile.TestLogin" name="loginAppcoa" time="59.296"/>
  <system-out/>
  <testcase classname="Mobile.TestLogin" name="deepLink" time="52.979"/>
  <system-out/>
</testsuite> <!-- Mobile.TestLogin -->
